<?xml version="1.0" encoding="UTF-8"?>
<!-- Generated by org.testng.reporters.JUnitReportReporter -->
<testsuite hostname="DESKTOP-KGND6QA" failures="0" tests="1" name="tests.TwoTest" time="18.714" errors="0" timestamp="2023-04-20T16:05:09 IST" skipped="0">
  <testcase classname="tests.TwoTest" name="testtwo" time="18.714"/>
  <system-out/>
</testsuite> <!-- tests.TwoTest -->
