<?xml version="1.0" encoding="UTF-8"?>
<!-- Generated by org.testng.reporters.JUnitReportReporter -->
<testsuite hostname="DESKTOP-KGND6QA" failures="0" tests="1" name="tests.ThreeTest" time="15.985" errors="0" timestamp="2023-04-20T16:59:28 IST" skipped="0">
  <testcase classname="tests.ThreeTest" name="testthree" time="15.985"/>
  <system-out/>
</testsuite> <!-- tests.ThreeTest -->
